2018-04-03 20:49:45 Error: Fatal Error (4): syntax error, unexpected ';' in [/var/www/html/grupo3/app/Controller/TemasRaspadinhasController.php, line 38]
2018-04-03 20:49:45 Error: [FatalErrorException] syntax error, unexpected ';'
Request URL: /grupo3/temasRaspadinhas/add
Stack Trace:
#0 /var/www/html/grupo3/lib/Cake/Error/ErrorHandler.php(203): ErrorHandler::handleFatalError(4, 'syntax error, u...', '/var/www/html/g...', 38)
#1 [internal function]: ErrorHandler::handleError(4, 'syntax error, u...', '/var/www/html/g...', 38, Array)
#2 /var/www/html/grupo3/lib/Cake/Core/App.php(929): call_user_func('ErrorHandler::h...', 4, 'syntax error, u...', '/var/www/html/g...', 38, Array)
#3 /var/www/html/grupo3/lib/Cake/Core/App.php(902): App::_checkFatalError()
#4 [internal function]: App::shutdown()
#5 {main}
2018-04-03 20:50:05 Error: Fatal Error (4): syntax error, unexpected ';' in [/var/www/html/grupo3/app/Controller/TemasRaspadinhasController.php, line 38]
2018-04-03 20:50:05 Error: [FatalErrorException] syntax error, unexpected ';'
Request URL: /grupo3/temasRaspadinhas/add
Stack Trace:
#0 /var/www/html/grupo3/lib/Cake/Error/ErrorHandler.php(203): ErrorHandler::handleFatalError(4, 'syntax error, u...', '/var/www/html/g...', 38)
#1 [internal function]: ErrorHandler::handleError(4, 'syntax error, u...', '/var/www/html/g...', 38, Array)
#2 /var/www/html/grupo3/lib/Cake/Core/App.php(929): call_user_func('ErrorHandler::h...', 4, 'syntax error, u...', '/var/www/html/g...', 38, Array)
#3 /var/www/html/grupo3/lib/Cake/Core/App.php(902): App::_checkFatalError()
#4 [internal function]: App::shutdown()
#5 {main}
2018-04-03 20:52:04 Error: Fatal Error (1): Call to a member function attached() on null in [/var/www/html/grupo3/app/Controller/AppController.php, line 125]
2018-04-03 20:52:04 Error: [FatalErrorException] Call to a member function attached() on null
Request URL: /grupo3/app/webroot/files/RaspadinhasTemas/test/imagemIndex.png
Stack Trace:
#0 /var/www/html/grupo3/lib/Cake/Error/ErrorHandler.php(203): ErrorHandler::handleFatalError(1, 'Call to a membe...', '/var/www/html/g...', 125)
#1 [internal function]: ErrorHandler::handleError(1, 'Call to a membe...', '/var/www/html/g...', 125, Array)
#2 /var/www/html/grupo3/lib/Cake/Core/App.php(929): call_user_func('ErrorHandler::h...', 1, 'Call to a membe...', '/var/www/html/g...', 125, Array)
#3 /var/www/html/grupo3/lib/Cake/Core/App.php(902): App::_checkFatalError()
#4 [internal function]: App::shutdown()
#5 {main}
2018-04-03 20:52:23 Error: Fatal Error (1): Call to a member function attached() on null in [/var/www/html/grupo3/app/Controller/AppController.php, line 125]
2018-04-03 20:52:23 Error: [FatalErrorException] Call to a member function attached() on null
Request URL: /grupo3/app/webroot/files/RaspadinhasTemas/test/imagemIndex.png
Stack Trace:
#0 /var/www/html/grupo3/lib/Cake/Error/ErrorHandler.php(203): ErrorHandler::handleFatalError(1, 'Call to a membe...', '/var/www/html/g...', 125)
#1 [internal function]: ErrorHandler::handleError(1, 'Call to a membe...', '/var/www/html/g...', 125, Array)
#2 /var/www/html/grupo3/lib/Cake/Core/App.php(929): call_user_func('ErrorHandler::h...', 1, 'Call to a membe...', '/var/www/html/g...', 125, Array)
#3 /var/www/html/grupo3/lib/Cake/Core/App.php(902): App::_checkFatalError()
#4 [internal function]: App::shutdown()
#5 {main}
2018-04-03 20:53:41 Error: Fatal Error (1): Call to a member function attached() on null in [/var/www/html/grupo3/app/Controller/AppController.php, line 125]
2018-04-03 20:53:41 Error: [FatalErrorException] Call to a member function attached() on null
Request URL: /grupo3/app/webroot/files/RaspadinhasTemas/test/imagemIndex.png
Stack Trace:
#0 /var/www/html/grupo3/lib/Cake/Error/ErrorHandler.php(203): ErrorHandler::handleFatalError(1, 'Call to a membe...', '/var/www/html/g...', 125)
#1 [internal function]: ErrorHandler::handleError(1, 'Call to a membe...', '/var/www/html/g...', 125, Array)
#2 /var/www/html/grupo3/lib/Cake/Core/App.php(929): call_user_func('ErrorHandler::h...', 1, 'Call to a membe...', '/var/www/html/g...', 125, Array)
#3 /var/www/html/grupo3/lib/Cake/Core/App.php(902): App::_checkFatalError()
#4 [internal function]: App::shutdown()
#5 {main}
2018-04-03 20:55:13 Error: Fatal Error (1): Call to a member function attached() on null in [/var/www/html/grupo3/app/Controller/AppController.php, line 125]
2018-04-03 20:55:13 Error: [FatalErrorException] Call to a member function attached() on null
Request URL: /grupo3/app/webroot/files/RaspadinhasTemas/test/imagemIndex.png
Stack Trace:
#0 /var/www/html/grupo3/lib/Cake/Error/ErrorHandler.php(203): ErrorHandler::handleFatalError(1, 'Call to a membe...', '/var/www/html/g...', 125)
#1 [internal function]: ErrorHandler::handleError(1, 'Call to a membe...', '/var/www/html/g...', 125, Array)
#2 /var/www/html/grupo3/lib/Cake/Core/App.php(929): call_user_func('ErrorHandler::h...', 1, 'Call to a membe...', '/var/www/html/g...', 125, Array)
#3 /var/www/html/grupo3/lib/Cake/Core/App.php(902): App::_checkFatalError()
#4 [internal function]: App::shutdown()
#5 {main}
